packages/shared-frontend/rn/mobile/react-native-touch-id/android/build/intermediates/manifest_merge_blame_file/release/manifest-merger-blame-release-report.txt
1<?xml version="1.0" encoding="utf-8"?>
2<manifest xmlns:android="http://schemas.android.com/apk/res/android"
3    package="com.rnfingerprint" >
4
5    <uses-sdk android:minSdkVersion="21" />
6
7    <uses-permission android:name="android.permission.USE_FINGERPRINT" />
7-->src/main/AndroidManifest.xml:3:5-75
7-->src/main/AndroidManifest.xml:3:23-72
8
9</manifest>